<?xml version="1.0" encoding="UTF-8"?>
<!-- Generated by org.testng.reporters.JUnitReportReporter -->
<testsuite hostname="LAPTOP-1N7KCHR7" failures="0" tests="1" name="organe.TestClass" time="7.146" errors="0" timestamp="2024-04-16T11:31:46 IST" skipped="0">
  <testcase classname="organe.TestClass" name="operation" time="7.146"/>
</testsuite> <!-- organe.TestClass -->
